<?xml version="1.0" encoding="UTF-8"?>
<!-- Generated by org.testng.reporters.JUnitReportReporter -->
<testsuite skipped="0" hostname="toshiba-PC" name="ProjectGID.ProjectAID.LoginTest" tests="1" failures="0" timestamp="2020-04-17T02:11:19 IST" time="13.765" errors="1">
  <testcase name="f" time="13.765" classname="ProjectGID.ProjectAID.LoginTest">
    <error type="org.openqa.selenium.SessionNotCreatedException" message="session not created
from disconnected: Unable to receive message from renderer
  (Session info: chrome=80.0.3987.163)
Build info: version: &#039;3.7.0&#039;, revision: &#039;2321c73&#039;, time: &#039;2017-11-02T22:22:35.584Z&#039;
System info: host: &#039;TOSHIBA-PC&#039;, ip: &#039;192.168.1.15&#039;, os.name: &#039;Windows 7&#039;, os.arch: &#039;amd64&#039;, os.version: &#039;6.1&#039;, java.version: &#039;1.8.0_111&#039;
Driver info: driver.version: ChromeDriver
remote stacktrace: Backtrace:
	Ordinal0 [0x014F0C83+1707139]
	Ordinal0 [0x014568F1+1075441]
	Ordinal0 [0x013CDFC9+516041]
	Ordinal0 [0x013C5DA5+482725]
	Ordinal0 [0x013C53AC+480172]
	Ordinal0 [0x013C55D5+480725]
	Ordinal0 [0x013C5035+479285]
	Ordinal0 [0x013CCD25+511269]
	Ordinal0 [0x013C4FE8+479208]
	Ordinal0 [0x013C5A3B+481851]
	Ordinal0 [0x013C53AC+480172]
	Ordinal0 [0x013C55D5+480725]
	Ordinal0 [0x013C5035+479285]
	Ordinal0 [0x013CB5AE+505262]
	Ordinal0 [0x013C4FE8+479208]
	Ordinal0 [0x013C5A3B+481851]
	Ordinal0 [0x013C53AC+480172]
	Ordinal0 [0x013C55D5+480725]
	Ordinal0 [0x013C5035+479285]
	Ordinal0 [0x013C9E1C+499228]
	Ordinal0 [0x013C4FE8+479208]
	Ordinal0 [0x013C5A3B+481851]
	Ordinal0 [0x013C53AC+480172]
	Ordinal0 [0x013C55D5+480725]
	Ordinal0 [0x013C5035+479285]
	Ordinal0 [0x013C94B7+496823]
	Ordinal0 [0x013C4FE8+479208]
	Ordinal0 [0x013C5A3B+481851]
	Ordinal0 [0x013C53AC+480172]
	Ordinal0 [0x013C55D5+480725]
	Ordinal0 [0x013C5035+479285]
	Ordinal0 [0x013C1B5C+465756]
	Ordinal0 [0x013C4FE8+479208]
	Ordinal0 [0x013C4EC4+478916]
	Ordinal0 [0x013CECA0+519328]
	Ordinal0 [0x0137CA67+182887]
	Ordinal0 [0x0137BDDD+179677]
	Ordinal0 [0x01379D4B+171339]
	Ordinal0 [0x01361D4A+73034]
	Ordinal0 [0x01362DC0+77248]
	Ordinal0 [0x01362D59+77145]
	Ordinal0 [0x0146BB67+1162087]
	GetHandleVerifier [0x0158A966+508998]
	GetHandleVerifier [0x0158A6A4+508292]
	GetHandleVerifier [0x0159F7B7+594583]
	GetHandleVerifier [0x0158B1D6+511158]
	Ordinal0 [0x0146402C+1130540]
	Ordinal0 [0x0146D4CB+1168587]
	Ordinal0 [0x0146D633+1168947]
	Ordinal0 [0x01485B35+1268533]
	BaseThreadInitThunk [0x76B033AA+18]
	RtlInitializeExceptionChain [0x77729EF2+99]
	RtlInitializeExceptionChain [0x77729EC5+54]
">
      <![CDATA[org.openqa.selenium.SessionNotCreatedException: session not created
from disconnected: Unable to receive message from renderer
  (Session info: chrome=80.0.3987.163)
Build info: version: '3.7.0', revision: '2321c73', time: '2017-11-02T22:22:35.584Z'
System info: host: 'TOSHIBA-PC', ip: '192.168.1.15', os.name: 'Windows 7', os.arch: 'amd64', os.version: '6.1', java.version: '1.8.0_111'
Driver info: driver.version: ChromeDriver
remote stacktrace: Backtrace:
Ordinal0 [0x014F0C83+1707139]
Ordinal0 [0x014568F1+1075441]
Ordinal0 [0x013CDFC9+516041]
Ordinal0 [0x013C5DA5+482725]
Ordinal0 [0x013C53AC+480172]
Ordinal0 [0x013C55D5+480725]
Ordinal0 [0x013C5035+479285]
Ordinal0 [0x013CCD25+511269]
Ordinal0 [0x013C4FE8+479208]
Ordinal0 [0x013C5A3B+481851]
Ordinal0 [0x013C53AC+480172]
Ordinal0 [0x013C55D5+480725]
Ordinal0 [0x013C5035+479285]
Ordinal0 [0x013CB5AE+505262]
Ordinal0 [0x013C4FE8+479208]
Ordinal0 [0x013C5A3B+481851]
Ordinal0 [0x013C53AC+480172]
Ordinal0 [0x013C55D5+480725]
Ordinal0 [0x013C5035+479285]
Ordinal0 [0x013C9E1C+499228]
Ordinal0 [0x013C4FE8+479208]
Ordinal0 [0x013C5A3B+481851]
Ordinal0 [0x013C53AC+480172]
Ordinal0 [0x013C55D5+480725]
Ordinal0 [0x013C5035+479285]
Ordinal0 [0x013C94B7+496823]
Ordinal0 [0x013C4FE8+479208]
Ordinal0 [0x013C5A3B+481851]
Ordinal0 [0x013C53AC+480172]
Ordinal0 [0x013C55D5+480725]
Ordinal0 [0x013C5035+479285]
Ordinal0 [0x013C1B5C+465756]
Ordinal0 [0x013C4FE8+479208]
Ordinal0 [0x013C4EC4+478916]
Ordinal0 [0x013CECA0+519328]
Ordinal0 [0x0137CA67+182887]
Ordinal0 [0x0137BDDD+179677]
Ordinal0 [0x01379D4B+171339]
Ordinal0 [0x01361D4A+73034]
Ordinal0 [0x01362DC0+77248]
Ordinal0 [0x01362D59+77145]
Ordinal0 [0x0146BB67+1162087]
GetHandleVerifier [0x0158A966+508998]
GetHandleVerifier [0x0158A6A4+508292]
GetHandleVerifier [0x0159F7B7+594583]
GetHandleVerifier [0x0158B1D6+511158]
Ordinal0 [0x0146402C+1130540]
Ordinal0 [0x0146D4CB+1168587]
Ordinal0 [0x0146D633+1168947]
Ordinal0 [0x01485B35+1268533]
BaseThreadInitThunk [0x76B033AA+18]
RtlInitializeExceptionChain [0x77729EF2+99]
RtlInitializeExceptionChain [0x77729EC5+54]

at sun.reflect.NativeConstructorAccessorImpl.newInstance0(Native Method)
at sun.reflect.NativeConstructorAccessorImpl.newInstance(Unknown Source)
at sun.reflect.DelegatingConstructorAccessorImpl.newInstance(Unknown Source)
at java.lang.reflect.Constructor.newInstance(Unknown Source)
at org.openqa.selenium.remote.W3CHandshakeResponse.lambda$new$0(W3CHandshakeResponse.java:57)
at org.openqa.selenium.remote.W3CHandshakeResponse.lambda$getResponseFunction$2(W3CHandshakeResponse.java:104)
at org.openqa.selenium.remote.ProtocolHandshake.lambda$createSession$0(ProtocolHandshake.java:123)
at java.util.stream.ReferencePipeline$3$1.accept(Unknown Source)
at java.util.Spliterators$ArraySpliterator.tryAdvance(Unknown Source)
at java.util.stream.ReferencePipeline.forEachWithCancel(Unknown Source)
at java.util.stream.AbstractPipeline.copyIntoWithCancel(Unknown Source)
at java.util.stream.AbstractPipeline.copyInto(Unknown Source)
at java.util.stream.AbstractPipeline.wrapAndCopyInto(Unknown Source)
at java.util.stream.FindOps$FindOp.evaluateSequential(Unknown Source)
at java.util.stream.AbstractPipeline.evaluate(Unknown Source)
at java.util.stream.ReferencePipeline.findFirst(Unknown Source)
at org.openqa.selenium.remote.ProtocolHandshake.createSession(ProtocolHandshake.java:126)
at org.openqa.selenium.remote.ProtocolHandshake.createSession(ProtocolHandshake.java:73)
at org.openqa.selenium.remote.HttpCommandExecutor.execute(HttpCommandExecutor.java:142)
at org.openqa.selenium.remote.service.DriverCommandExecutor.execute(DriverCommandExecutor.java:83)
at org.openqa.selenium.remote.RemoteWebDriver.execute(RemoteWebDriver.java:600)
at org.openqa.selenium.remote.RemoteWebDriver.startSession(RemoteWebDriver.java:219)
at org.openqa.selenium.remote.RemoteWebDriver.<init>(RemoteWebDriver.java:142)
at org.openqa.selenium.chrome.ChromeDriver.<init>(ChromeDriver.java:181)
at org.openqa.selenium.chrome.ChromeDriver.<init>(ChromeDriver.java:168)
at org.openqa.selenium.chrome.ChromeDriver.<init>(ChromeDriver.java:123)
at ProjectGID.ProjectAID.LoginTest.f(LoginTest.java:17)
at sun.reflect.NativeMethodAccessorImpl.invoke0(Native Method)
at sun.reflect.NativeMethodAccessorImpl.invoke(Unknown Source)
at sun.reflect.DelegatingMethodAccessorImpl.invoke(Unknown Source)
at java.lang.reflect.Method.invoke(Unknown Source)
at org.testng.internal.MethodInvocationHelper.invokeMethod(MethodInvocationHelper.java:133)
at org.testng.internal.TestInvoker.invokeMethod(TestInvoker.java:584)
at org.testng.internal.TestInvoker.invokeTestMethod(TestInvoker.java:172)
at org.testng.internal.MethodRunner.runInSequence(MethodRunner.java:46)
at org.testng.internal.TestInvoker$MethodInvocationAgent.invoke(TestInvoker.java:804)
at org.testng.internal.TestInvoker.invokeTestMethods(TestInvoker.java:145)
at org.testng.internal.TestMethodWorker.invokeTestMethods(TestMethodWorker.java:146)
at org.testng.internal.TestMethodWorker.run(TestMethodWorker.java:128)
at java.util.ArrayList.forEach(Unknown Source)
at org.testng.TestRunner.privateRun(TestRunner.java:770)
at org.testng.TestRunner.run(TestRunner.java:591)
at org.testng.SuiteRunner.runTest(SuiteRunner.java:402)
at org.testng.SuiteRunner.runSequentially(SuiteRunner.java:396)
at org.testng.SuiteRunner.privateRun(SuiteRunner.java:355)
at org.testng.SuiteRunner.run(SuiteRunner.java:304)
at org.testng.SuiteRunnerWorker.runSuite(SuiteRunnerWorker.java:53)
at org.testng.SuiteRunnerWorker.run(SuiteRunnerWorker.java:96)
at org.testng.TestNG.runSuitesSequentially(TestNG.java:1180)
at org.testng.TestNG.runSuitesLocally(TestNG.java:1102)
at org.testng.TestNG.runSuites(TestNG.java:1032)
at org.testng.TestNG.run(TestNG.java:1000)
at org.testng.remote.AbstractRemoteTestNG.run(AbstractRemoteTestNG.java:115)
at org.testng.remote.RemoteTestNG.initAndRun(RemoteTestNG.java:251)
at org.testng.remote.RemoteTestNG.main(RemoteTestNG.java:77)
]]>
    </error>
  </testcase> <!-- f -->
</testsuite> <!-- ProjectGID.ProjectAID.LoginTest -->
